<?xml version="1.0" encoding="UTF-8"?>
<beans xmlns="http://www.springframework.org/schema/beans"
    xmlns:xsi="http://www.w3.org/2001/XMLSchema-instance"
    xsi:schemaLocation="http://www.springframework.org/schema/beans http://www.springframework.org/schema/beans/spring-beans.xsd">

  <bean id="earlyRequestParser" 
     class="uk.org.ponder.rsf.request.EarlyRequestParser" abstract="true" >
  </bean>

  <bean id="requestLocale" factory-bean="localeHolder" factory-method="getLocale" />
    
  <bean id="rootHandlerBean" 
     parent="rootHandlerBeanBase" class="uk.org.ponder.rsf.bare.BareRootHandlerBean"/>
     
  <bean id="renderedMarkup" factory-bean="rootHandlerBean" factory-method="getMarkup" />
  
  <bean id="redirectTarget" factory-bean="rootHandlerBean" factory-method="getRedirectTarget" />
  
  <bean id="servletResponseFactory" class="uk.org.ponder.springutil.ServletResponseFactory" />
  
  <bean id="httpServletResponse" factory-bean="servletResponseFactory" factory-method="getHttpServletResponse" />
</beans>