<?xml version="1.0" encoding="UTF-8"?>
<beans xmlns="http://www.springframework.org/schema/beans"
    xmlns:xsi="http://www.w3.org/2001/XMLSchema-instance"
    xsi:schemaLocation="http://www.springframework.org/schema/beans http://www.springframework.org/schema/beans/spring-beans.xsd">

  <bean id="flowTokenStateHolder"
    class="uk.org.ponder.springutil.BeanReferenceFactoryBean">
    <property name="targetBeanName" value="flowTokenStateHolder-memory" />
  </bean>

  <bean id="bandgapStateHolder"
    class="uk.org.ponder.springutil.BeanReferenceFactoryBean">
    <property name="targetBeanName" value="bandgapStateHolder-memory" />
  </bean>

  <bean id="unknownViewIsError"
    class="uk.org.ponder.springutil.BooleanGetterFactory">
    <property name="value" value="false" />
  </bean>

  <bean id="templateResolverStrategy" 
    class="uk.org.ponder.rsf.templateresolver.support.EmptyTemplateResolverStrategy" />

  <bean id="baseURLProvider"
    class="uk.org.ponder.rsf.viewstate.support.StaticBaseURLProvider">
    <property name="baseURL" value="/" />
    <property name="resourceBaseURL" value="/" />
  </bean>

  <bean id="localeHolder" class="uk.org.ponder.localeutil.LocaleHolder" />
</beans>